C51 COMPILER V9.51   DEBUG                                                                 09/08/2019 13:51:56 PAGE 1   


C51 COMPILER V9.51, COMPILATION OF MODULE DEBUG
OBJECT MODULE PLACED IN ..\Hex\Debug.obj
COMPILER INVOKED BY: E:\keil5\Keil\C51\BIN\C51.EXE ..\..\..\Debug\Debug.c OPTIMIZE(8,SPEED) BROWSE INCDIR(..\..\..\OSD;.
                    -.\..\..\OSD\Logo;../../../Inc;../../../UserConfig;../../../ARKLib;../../../UserConfig/Prj config;..\..\..\LCD Pannels;..
                    -\..\..\LCD Pannels\LCD parameter;..\..\..\GetUserInput;..\..\..\GetUserInput\Ir;..\..\..\GetUserInput\Key;..\..\..\GetUs
                    -erInput\GPIO;..\..\..\Device driver\AMT;..\..\..\Device driver\ArkChip;..\..\..\Device driver\Mcu;..\..\..\Device driver
                    -\Flash;..\..\..\Device driver\I2C;..\..\..\Device driver\E2prom;..\..\..\Device driver\WT5700;..\..\..\Device driver\Kt0
                    -803l;..\..\..\Device driver\BT;..\..\..\Debug) DEBUG OBJECTEXTEND PRINT(..\List\Debug.lst) OBJECT(..\Hex\Debug.obj)

line level    source

   1          /*******************************************************************************
   2          *Copyright (C) 2005 深圳艾科创新有限公司产品应用一部
   3          * All rights reserved.
   4          
   5          *File name: 　 Debug.c    
   6          *Version:      1.0
   7          *update:       2011-12-16
   8          *Description:
   9                              调试打印文件。
  10                            
  11          *History:  Jordan.chen   2011/12/16    1.0    build  this  moudle
  12          ******************************************************************************/
  13          #define _DEBUG_C_
  14          
  15          #include "DataType.h"
  16          #include "systemConfig.h"
  17          #include "global.h"
*** WARNING C245 IN LINE 12 OF E:\keil5\Keil\C51\Inc\intrins.h: unknown #pragma, line ignored
*** ERROR C263 IN LINE 36 OF E:\keil5\Keil\C51\Inc\intrins.h: save/restore: stack overflow/underflow
  18          #include "AMT_Drv.h"
  19          #include "AMT_MCU.h"
  20          
  21          
  22          #ifdef UartPrintfEn
              
              #define _EOS_ '\0' 
              
              void putSIOChar(unsigned char sendData)
              {
                      TI = 0; 
                      SBUF = sendData; 
                      while(!TI);
              }
              
              
              void putchar(UCHAR ucVal)
              {
                      TI = 0;
                      SBUF = ucVal; 
                      while(!TI);
              }
              
              void IrqPutstr(UCHAR *pFmt)
              {
                  UCHAR XDATA ucBff; 
              
                      SetUartPrint();
              
                  while(1)
                  {
C51 COMPILER V9.51   DEBUG                                                                 09/08/2019 13:51:56 PAGE 2   

                       ucBff = *pFmt; 
                       if (ucBff == _EOS_)
                           break;
              
                       putchar(ucBff); 
              
                       pFmt++; 
                  } 
                      SetI2CDebug();
              }
              
              
              void printfStr(char *str)
              {
                  BYTE XDATA ucBff;
              
                      SetUartPrint();
              
                      putSIOChar((char)'\r');
                      putSIOChar((char)'\n');
              
                  while(1)
                  {
                       ucBff = *str;
                       if (ucBff == _EOS_)
                           break;
                       putSIOChar(ucBff);
                       str++;
                  }
                  SetI2CDebug();
              }
              void IrqPrintf(char *str, WORD value)
              {
                      char XDATA sendData;
              
                      SetUartPrint();
              
                      while(sendData=*(str++))
                  {
                      if (sendData==(char)'%') 
                      {
                              sendData=*(str++);
                              if (sendData==(char)'d' || sendData==(char)'x') 
                          {
                              if (value)
                              {
                                      BOOL noneZero=FALSE;
                                      WORD XDATA divider=10000;
                                      char XDATA dispValue;
              
                                      if (sendData==(char)'x')
                                                      divider=0x1000;
                                      while (divider)
                                                  {
                                                      dispValue=value/divider;
                                                      value-=dispValue*divider;
                                              if (dispValue)
                                                              noneZero=TRUE;
                                              if (noneZero)
                                              {
                                                      if (dispValue>9)
                                                                      dispValue+=55;
C51 COMPILER V9.51   DEBUG                                                                 09/08/2019 13:51:56 PAGE 3   

                                                                      else
                                                                      dispValue+=0x30;
                                                                      putSIOChar(dispValue);
                                                              }
                                                              if (sendData==(char)'d')
                                                              divider/=10;
                                                      else
                                                              divider/=0x10;
                                              }
                              }
                              else
                              {
                                      putSIOChar('0');
                              }       
                              }
                              }
                      else
                              putSIOChar(sendData);
                  }
                      SetI2CDebug();
              }
              
              void printf(char *str, WORD value)
              {
                      char XDATA sendData;
              
                      SetUartPrint();
              
                      putSIOChar((char)'\r');
                      putSIOChar((char)'\n');
                      
                      while(sendData=*(str++))
                  {
                      if (sendData==(char)'%') 
                      {
                              sendData=*(str++);
                              if (sendData==(char)'d' || sendData==(char)'x') 
                          {
                              if (value)
                              {
                                      BOOL noneZero=FALSE;
                                      WORD divider=10000;
                                      char dispValue;
              
                                      if (sendData==(char)'x')
                                                      divider=0x1000;
                                      while (divider)
                                                  {
                                                      dispValue=value/divider;
                                                      value-=dispValue*divider;
                                              if (dispValue)
                                                              noneZero=TRUE;
                                              if (noneZero)
                                              {
                                                      if (dispValue>9)
                                                                      dispValue+=55;
                                                                      else
                                                                      dispValue+=0x30;
                                                                      putSIOChar(dispValue);
                                                              }
                                                              if (sendData==(char)'d')
                                                              divider/=10;
C51 COMPILER V9.51   DEBUG                                                                 09/08/2019 13:51:56 PAGE 4   

                                                      else
                                                              divider/=0x10;
                                              }
                              }
                              else
                              {
                                      putSIOChar('0');
                              }       
                              }
                              }
                      else
                              putSIOChar(sendData);
                  }
                      SetI2CDebug();
              }
              #endif
 189          

C51 COMPILATION COMPLETE.  1 WARNING(S),  1 ERROR(S)
