C51 COMPILER V9.51   DELAY                                                                 09/08/2019 13:51:46 PAGE 1   


C51 COMPILER V9.51, COMPILATION OF MODULE DELAY
OBJECT MODULE PLACED IN ..\Hex\Delay.obj
COMPILER INVOKED BY: E:\keil5\Keil\C51\BIN\C51.EXE ..\..\..\Kernel\Delay.c OPTIMIZE(8,SPEED) BROWSE INCDIR(..\..\..\OSD;
                    -..\..\..\OSD\Logo;../../../Inc;../../../UserConfig;../../../ARKLib;../../../UserConfig/Prj config;..\..\..\LCD Pannels;.
                    -.\..\..\LCD Pannels\LCD parameter;..\..\..\GetUserInput;..\..\..\GetUserInput\Ir;..\..\..\GetUserInput\Key;..\..\..\GetU
                    -serInput\GPIO;..\..\..\Device driver\AMT;..\..\..\Device driver\ArkChip;..\..\..\Device driver\Mcu;..\..\..\Device drive
                    -r\Flash;..\..\..\Device driver\I2C;..\..\..\Device driver\E2prom;..\..\..\Device driver\WT5700;..\..\..\Device driver\Kt
                    -0803l;..\..\..\Device driver\BT;..\..\..\Debug) DEBUG OBJECTEXTEND PRINT(..\List\Delay.lst) OBJECT(..\Hex\Delay.obj)

line level    source

   1          /*******************************************************************************
   2          *Copyright (C) 2005 深圳艾科创新有限公司产品应用一部
   3          * All rights reserved.
   4          
   5          *File name: 　 Delay.c    
   6          *Version:      1.0
   7          *update:       2011-12-16
   8          *Description:
   9                              延时时间函数的定义。
  10                            
  11          *History:  Jordan.chen   2011/12/16    1.0    build  this  moudle
  12          ******************************************************************************/
  13          #define _DELAY_C_
  14          
  15          #include "DataType.h"
  16          #include "systemConfig.h"
  17          #include "global.h"
*** WARNING C245 IN LINE 12 OF E:\keil5\Keil\C51\Inc\intrins.h: unknown #pragma, line ignored
*** ERROR C263 IN LINE 36 OF E:\keil5\Keil\C51\Inc\intrins.h: save/restore: stack overflow/underflow
  18          
  19          
  20          void Delay(UINT cont_time)
  21          {
  22   1          while(cont_time--)
  23   1              {
  24   2                _nop_();
  25   2              }
  26   1      }
  27          
  28          void DelayMs(UINT contTime)
  29          {
  30   1              while(contTime--)
  31   1              {
  32   2                Delay(400);
  33   2              }
  34   1      }
  35          

C51 COMPILATION COMPLETE.  1 WARNING(S),  1 ERROR(S)
