C51 COMPILER V9.00   GLOBAL                                                                06/07/2020 11:05:37 PAGE 1   


C51 COMPILER V9.00, COMPILATION OF MODULE GLOBAL
OBJECT MODULE PLACED IN ..\Hex\Global.obj
COMPILER INVOKED BY: D:\Keil4_ForAMT630A\C51\BIN\C51.EXE ..\..\..\Kernel\Global.c BROWSE INCDIR(..\..\..\OSD;..\..\..\OS
                    -D\Logo;../../../Inc;../../../UserConfig;../../../ARKLib;../../../UserConfig/Prj config;..\..\..\LCD Pannels;..\..\..\LCD
                    - Pannels\LCD parameter;..\..\..\GetUserInput;..\..\..\GetUserInput\Ir;..\..\..\GetUserInput\Key;..\..\..\GetUserInput\GP
                    -IO;..\..\..\Device driver\AMT;..\..\..\Device driver\ArkChip;..\..\..\Device driver\Mcu;..\..\..\Device driver\Flash;..\
                    -..\..\Device driver\I2C;..\..\..\Device driver\E2prom;..\..\..\Device driver\WT5700;..\..\..\Device driver\Kt0803l;..\..
                    -\..\Device driver\BT;..\..\..\Debug) DEBUG OBJECTEXTEND PRINT(..\List\Global.lst) OBJECT(..\Hex\Global.obj)

line level    source

   1          /***********************************************************************
   2          *Copyright (C) 2005 深圳艾科创新有限公司产品应用一部
   3          * All rights reserved.
   4          
   5          *File name: 　 Global.c
   6          *Version:    　0.1
   7          *Author:       cjinzong
   8          *update:       2010-05-23
   9          
  10          *Description:
  11                       主要包括一些系统初始化函数和一些全局又不好分类的函数。
  12          *History:  
  13          
  14          ************************************************************************/
  15          #define _GLOBAL_C_
  16          
  17          #include "DataType.h"
  18          #include "systemConfig.h"
  19          #include "global.h"
  20          #include "mcu.h"
  21          #include "videoProc.h"
  22          #include "Debug.h"
  23          #include "sysWorkPara.h"
  24          #include "MsgMap.h"
  25          #include "Osd_menu.h"
  26          #include "Flash.h"
  27          #include "E2prom.h"
  28          #include "interrupt.h"
  29          #include "Ir.h"
  30          #include "sysPower.h"
  31          #include "ConfigLcdPara.h"
  32          #include "AMT_MCU.h"
  33          #include "AMT_Drv.h"
  34          #include "AMT_Reg.h"
  35          #include "AdcKeyPad.h"
  36          #include "WT5700.h"
  37          #include "Kt0803l.h"
  38          
  39          /***********************************************************
  40          *name:       ConfigMcuCtrl(void)
  41          *input:      void
  42                       
  43          *output:     void
  44          *update:     2011-11-27 
  45          *state:      allright
  46          
  47          *description:   
  48                    配置为MCU控制模块
  49          *history:
  50                                          
C51 COMPILER V9.00   GLOBAL                                                                06/07/2020 11:05:37 PAGE 2   

  51          ************************************************************/
  52          void ConfigMcuCtrl(void)
  53          {
  54   1          ConfigCrtlMode(MCU);
  55   1              ENH_PLL = 0X20;
  56   1      }
  57          
  58          
  59          /***********************************************************
  60          *name:       InitGlobalVariables(void)
  61          *input:      void
  62          *output:     void 
  63          *update:     2011-11-27 
  64          *state:      allright
  65          
  66          *description:   
  67                     初始化全局变量。
  68          *history:
  69                                          
  70          ************************************************************/
  71          void InitGlobalVariables(void)
  72          {
  73   1          printfStr("InitGlobalVariables\n");
  74   1          
  75   1          g_ucColorSys = 0XFF;
  76   1          g_ucPreColorSys = 0XFF;
  77   1          g_ucRemoteKeyVal = 0XFF;
  78   1          g_ucContBufSecond = 0X00;
  79   1          g_ucContNoSignalSecond = 0X00;
  80   1          g_ucFactoryMenuItemIndex = 0X00;
  81   1          g_ucBatteryAdcLev = BatterAdc_Lev0;
  82   1          g_ucSelKeyDevice =ADC_KEY;
  83   1              g_ucStableTime = 0X00;
  84   1          g_bVideoChSelOk = FALSE;
  85   1          g_bSignalFlg = FALSE;
  86   1          g_bReleaseAdcKeyFlg = FALSE;
  87   1          g_bLogoFlg = FALSE;
  88   1          PreKey.KeyVal = NULL_KEY;
  89   1          PreKey.KeyMsg = MSG_NULL;
  90   1          PreKey.Holdtime = NULL_TIME;
  91   1          PreKey.Status = KEYRELEASE;
  92   1          CurrentKey.KeyVal = NULL_KEY;
  93   1          CurrentKey.KeyMsg = MSG_NULL;
  94   1          CurrentKey.Holdtime = NULL_TIME;
  95   1          CurrentKey.Status = KEYRELEASE;
  96   1          g_ucOsdEixt = OsdMenu|OsdSource|OsdBrightness|OsdContrast|OsdSaturation|OsdVolume|OsdMode|OsdSys;
  97   1          ClrCarReversingEn();
  98   1          ClrFactoryEn();
  99   1          SetMenuIndex(Osd_RootMenu); 
 100   1      }
 101          
 102          /***********************************************************
 103          *name:       PrjVersionMsg(void)
 104          *input:      void 
 105          *output:     void
 106          *update:     2011-11-27 
 107          *state:      allright
 108          
 109          *description:   
 110                    打印工程信息，主要工程的编译时间和工程名和软件版本号。
 111          *history:
 112                                          
C51 COMPILER V9.00   GLOBAL                                                                06/07/2020 11:05:37 PAGE 3   

 113          ************************************************************/
 114          void PrjVersionMsg(void)
 115          {
 116   1          printfStr("\r\nLib Version :\n");
 117   1          printfStr(GeLibVersion());
 118   1          printfStr("\r\nLib create date :\n");
 119   1          printfStr(GetLibCreatDate());
 120   1          printfStr("\r\nLib create time :\n");
 121   1          printfStr(GetLibCreatTime());
 122   1          printfStr("Inital end.\n");
 123   1      }
 124          
 125          /***********************************************************
 126          *name:       InitExtDevices(void)
 127          *input:      void 
 128          *output:     void
 129          *update:     2011-11-27 
 130          *state:      allright
 131          
 132          *description:   
 133                  初始化外围设备，例如tuner,声音的控制，电源指示灯的状态。
 134          *history:
 135                                          
 136          ************************************************************/
 137          void InitExtDevices(void)
 138          {
 139   1          //Led
 140   1          
 141   1          //Tuner
 142   1          
 143   1          //Aduio
 144   1      
 145   1         //Spi Pannel
 146   1         #ifdef SpiInitPannelEn
                 SPI_TM035KDH08_Pannel_Initial(_24BIT_RGB_DEN,0x75);//interface:24BIT_RGB_DEN(default),default VcomVal:0
             -x75
                 #endif
 149   1      
 150   1         #ifdef CpuInitPannelEn
                 CPU_HX8357C_16Bit_Pannel_Initial();
                 #endif
 153   1      
 154   1         //Key Device
 155   1         #ifdef KeyDetectEn
 156   1         
 157   1         /*
 158   1          note:此函数是为了兼容I2C KEY与ADC KEY按键接口，
 159   1          若两种类型按键不是统一接口，需屏蔽此函数
 160   1         */
 161   1         
 162   1         //POS_SelectKeyDevice();
 163   1         #endif
 164   1      
 165   1         #ifdef FmSendEn
                 //Kt0803l
                 #if(FM_CHIP == KT0803l)
                 KT_TXPreInit();
                 KT_TXInit();
                 KT_TXInitTune(g_sysSetting.SendRf.SendRfVal);
                 #endif
                 #endif
 173   1         
C51 COMPILER V9.00   GLOBAL                                                                06/07/2020 11:05:37 PAGE 4   

 174   1         #ifdef IrABCtrlEn
                 SetIRABSwitch(g_sysSetting.IRAB.IRABVal);
                 #endif
 177   1         
 178   1         printfStr("InitExtDevices\n");
 179   1      }
 180          
 181          
 182          
 183          
 184          /***********************************************************
 185          *name:       InitSysWorkVariable(void)
 186          *input:      void
 187          *output:     void 
 188          *update:     2011-11-27 
 189          *state:      allright
 190          
 191          *description:   
 192                     初始化系统工作变量。
 193          *history:
 194                                          
 195          ************************************************************/
 196          
 197          void InitSysWorkVariable(void)
 198          {  
 199   1           printfStr("**********InitSysWorkVariable*********\n");
 200   1      
 201   1               InitGlobalVariables();
 202   1                       
 203   1               #ifdef FlashEn
 204   1               AutoDetectFlashType();
 205   1               #endif
 206   1      
 207   1           if(ReadSetting())
 208   1           {
 209   2               g_sysSetting.Video.curSource = g_sysSetting.Car.RemberSource;
 210   2           }
 211   1               else
 212   1               {
 213   2                   g_sysSetting.Car.RemberSource =  g_sysSetting.Video.curSource;
 214   2               }
 215   1               g_sysSetting.Car.DetecMode = AV_CAR_NO_SIGANL;
 216   1               g_sysSetting.Car.status = CAR_PON_GO_AHEAD;
 217   1      }
 218          
 219          
 220          /***********************************************************
 221          *name:       InitSystem(void)
 222          *input:      void
 223          *output:     void 
 224          *update:     2011-11-27 
 225          *state:      allright
 226          
 227          *description:   
 228                     初始化系统。
 229          *history:
 230                                          
 231          ************************************************************/
 232          void InitSystem(void)
 233          {       
 234   1              ConfigMcuCtrl();
 235   1              
C51 COMPILER V9.00   GLOBAL                                                                06/07/2020 11:05:37 PAGE 5   

 236   1              InitMcu();
 237   1      
 238   1              InitSysWorkVariable(); 
 239   1      
 240   1              InitExtDevices();
 241   1                      
 242   1              InitARKChip();
 243   1              
 244   1              PrjVersionMsg();
 245   1      
 246   1              GetProCompielTime();
 247   1              
 248   1          MainInterruptEn();
 249   1      }
 250          
 251          


MODULE INFORMATION:   STATIC OVERLAYABLE
   CODE SIZE        =    175    ----
   CONSTANT SIZE    =   ----    ----
   XDATA SIZE       =     88    ----
   PDATA SIZE       =   ----    ----
   DATA SIZE        =      1    ----
   IDATA SIZE       =   ----    ----
   BIT SIZE         =      8    ----
END OF MODULE INFORMATION.


C51 COMPILATION COMPLETE.  0 WARNING(S),  0 ERROR(S)
