C51 COMPILER V9.51   OSD_NOSIGNALMENU                                                      09/08/2019 13:51:52 PAGE 1   


C51 COMPILER V9.51, COMPILATION OF MODULE OSD_NOSIGNALMENU
OBJECT MODULE PLACED IN ..\Hex\Osd_NoSignalMenu.obj
COMPILER INVOKED BY: E:\keil5\Keil\C51\BIN\C51.EXE ..\..\..\OSD\Osd_NoSignalMenu.c OPTIMIZE(8,SPEED) BROWSE INCDIR(..\..
                    -\..\OSD;..\..\..\OSD\Logo;../../../Inc;../../../UserConfig;../../../ARKLib;../../../UserConfig/Prj config;..\..\..\LCD P
                    -annels;..\..\..\LCD Pannels\LCD parameter;..\..\..\GetUserInput;..\..\..\GetUserInput\Ir;..\..\..\GetUserInput\Key;..\..
                    -\..\GetUserInput\GPIO;..\..\..\Device driver\AMT;..\..\..\Device driver\ArkChip;..\..\..\Device driver\Mcu;..\..\..\Devi
                    -ce driver\Flash;..\..\..\Device driver\I2C;..\..\..\Device driver\E2prom;..\..\..\Device driver\WT5700;..\..\..\Device d
                    -river\Kt0803l;..\..\..\Device driver\BT;..\..\..\Debug) DEBUG OBJECTEXTEND PRINT(..\List\Osd_NoSignalMenu.lst) OBJECT(..
                    -\Hex\Osd_NoSignalMenu.obj)

line level    source

   1          #define _OSD_NOSIGNAL_MENU_C_
   2          
   3          
   4          
   5          #include "DataType.h"
   6          #include "SystemConfig.h"
   7          #include "Global.h"
*** WARNING C245 IN LINE 12 OF E:\keil5\Keil\C51\Inc\intrins.h: unknown #pragma, line ignored
*** ERROR C263 IN LINE 36 OF E:\keil5\Keil\C51\Inc\intrins.h: save/restore: stack overflow/underflow
   8          #include "MsgMap.h"
   9          #include "sysWorkPara.h"
  10          #include "sysPower.h" 
  11          #include "videoProc.h"
  12          #include "configLCDPara.h"
  13          #include "Debug.h"
  14          #include "Delay.h"
  15          #include "AMT_REG.H"
  16          #include "AMT_Drv.h"
  17          #include "AMT_MCU.h"
  18          #include "Osd_Menu.h"
  19          #include "Osd_MenuPage.h"
  20          
  21          
  22          
  23          
  24          #ifdef NoSignalEn
              /*****************************************************************
                                          Text
              *****************************************************************/
              UCHAR* CODE NoSignalMenuStr[]=
              {
                  "NO SIGNAL",
              };
              
              
              
              /*****************************************************************
                                          String
              *****************************************************************/
              UCHAR * CODE NoSignalMenu_TitelStr(void)
              {
                  return NoSignalMenuStr[0];
              }
              
              
              
              /*****************************************************************
                                         Function
              *****************************************************************/
C51 COMPILER V9.51   OSD_NOSIGNALMENU                                                      09/08/2019 13:51:52 PAGE 2   

              AdjustType NoSignalMenu_CheckCondition (void)
              {
                      AdjustType XDATA adjust = {0,0,0};
                      adjust.Flags |= osdVisible;
                      //printfStr("NoSignalMenu_CheckCondition");
                      return adjust;
              }
              
              
              
              /*****************************************************************
                                        Item value table
              *****************************************************************/
              
              
              
              /*****************************************************************
                                        Item Icon table
              *****************************************************************/
              
              
              
              /*****************************************************************
                                       Item  Titel table
              *****************************************************************/
              TitelType CODE NoSignalMenuItem_NoSignalTitelTab[]=
              {
                 {0,0,RED,TRANSPARENCE,RED,TRANSPARENCE,DWT_Text,NoSignalMenu_TitelStr,osdEnd},
              };
              
              
              
              /*****************************************************************
                                        Menu Icon table
              *****************************************************************/
              
              
              
              /*****************************************************************
                                       Menu  Titel table
              *****************************************************************/
              
              
              
              /*****************************************************************
                                         Item table
              *****************************************************************/
              #endif
  96          
  97          

C51 COMPILATION COMPLETE.  1 WARNING(S),  1 ERROR(S)
