C51 COMPILER V9.00   OSD_CONTRASTMENU                                                      06/07/2020 11:05:43 PAGE 1   


C51 COMPILER V9.00, COMPILATION OF MODULE OSD_CONTRASTMENU
OBJECT MODULE PLACED IN ..\Hex\Osd_ContrastMenu.obj
COMPILER INVOKED BY: D:\Keil4_ForAMT630A\C51\BIN\C51.EXE ..\..\..\OSD\Osd_ContrastMenu.c BROWSE INCDIR(..\..\..\OSD;..\.
                    -.\..\OSD\Logo;../../../Inc;../../../UserConfig;../../../ARKLib;../../../UserConfig/Prj config;..\..\..\LCD Pannels;..\..
                    -\..\LCD Pannels\LCD parameter;..\..\..\GetUserInput;..\..\..\GetUserInput\Ir;..\..\..\GetUserInput\Key;..\..\..\GetUserI
                    -nput\GPIO;..\..\..\Device driver\AMT;..\..\..\Device driver\ArkChip;..\..\..\Device driver\Mcu;..\..\..\Device driver\Fl
                    -ash;..\..\..\Device driver\I2C;..\..\..\Device driver\E2prom;..\..\..\Device driver\WT5700;..\..\..\Device driver\Kt0803
                    -l;..\..\..\Device driver\BT;..\..\..\Debug) DEBUG OBJECTEXTEND PRINT(..\List\Osd_ContrastMenu.lst) OBJECT(..\Hex\Osd_Con
                    -trastMenu.obj)

line level    source

   1          #define _OSD_CONTRAST_MENU_C_
   2          
   3          
   4          
   5          #include "DataType.h"
   6          #include "SystemConfig.h"
   7          #include "Global.h"
   8          #include "MsgMap.h"
   9          #include "sysWorkPara.h"
  10          #include "sysPower.h" 
  11          #include "videoProc.h"
  12          #include "configLCDPara.h"
  13          #include "Debug.h"
  14          #include "Delay.h"
  15          #include "AMT_REG.H"
  16          #include "AMT_Drv.h"
  17          #include "AMT_MCU.h"
  18          #include "Osd_Menu.h"
  19          #include "Osd_MenuPage.h"
  20          
  21          
  22          
  23          
  24          /*****************************************************************
  25                                      Text
  26          *****************************************************************/
  27          UCHAR* CODE ContrastMenuStr[]=
  28          {
  29              "CONTRAST      ", 
  30              "CONTRASTE     ",
  31              "CONTRASTO     ",
  32              "CONTRASTE     ",
  33              "KONTRAST      ",
  34              "CONTRASTE     ",
  35              "CONTRAST      ",
  36              "\x010\x0B7\x013\x0B8\x024\x007\x025\x0B8\x013\x0B7\x025\x0B8\x028     ",
  37              "#\x014#\x015#\x003             ",
  38              "#\x06B#\x06C#\x06D#\x065#\x06E#\x06D         ",
  39              "&\x06&\x05             ",//korea
  40              "\x010\x024\x013\x027\x025\x007\x0B8\x027     ",
  41              "KONTRAST     ",
  42              "KONTRAST     "
  43          };
  44          
  45          
  46          
  47          /*****************************************************************
  48                                      String
  49          *****************************************************************/
C51 COMPILER V9.00   OSD_CONTRASTMENU                                                      06/07/2020 11:05:43 PAGE 2   

  50          UCHAR * CODE ContrastMenu_TitelStr(void)
  51          {
  52   1          return ContrastMenuStr[g_sysSetting.Osd.curlanguage];
  53   1      }
  54          
  55          
  56          
  57          /*****************************************************************
  58                                     Function
  59          *****************************************************************/
  60          AdjustType ContrastMenu_CheckCondition(void)
  61          {
  62   1          AdjustType XDATA adjust ={0,0,0};
  63   1              adjust.Flags |= osdVisible;
  64   1              //printfStr("ContrastMenu_CheckCondition");
  65   1              return adjust;
  66   1      }
  67          
  68          
  69          
  70          
  71          BOOL ContrastMenuItem_DrawStyle(void)
  72          {
  73   1          //printfStr("ContrastMenuItem_DrawStyle");
  74   1          OsdWndClear(0X00, 0X00, 0X00, 0X11);
  75   1          return 0;
  76   1      }
  77          
  78          
  79          SWORD GetContrastVal(void)
  80          {
  81   1           //printfStr("GetContrastVal");
  82   1           return g_sysSetting.Video.contrast;
  83   1      }
  84          
  85          
  86          BOOL AdjustContrast(UCHAR opratComd)
  87          {
  88   1          if(opratComd == COMD_IncValue)
  89   1          {
  90   2                        if(g_sysSetting.Video.contrast<MAX_VALUE)
  91   2                        {
  92   3                            g_sysSetting.Video.contrast++;
  93   3                        } 
  94   2                        //printf("Inc Value ++ = %d",g_sysSetting.Video.contrast);
  95   2          }
  96   1              if(opratComd == COMD_DecValue)
  97   1              {
  98   2                        if(g_sysSetting.Video.contrast>0)
  99   2                        {
 100   3                            g_sysSetting.Video.contrast--;
 101   3                        } 
 102   2                       //printf("Dec Value -- =%d",g_sysSetting.Video.contrast);
 103   2              }
 104   1              if(opratComd == COMD_Contrast)
 105   1          {     
 106   2                        g_sysSetting.Video.contrast++;
 107   2                        if(g_sysSetting.Video.contrast >MAX_VALUE)
 108   2                        {
 109   3                           g_sysSetting.Video.contrast = 0;
 110   3                        }
 111   2                        //printf("contrast Adjust Value = %d",g_sysSetting.Video.contrast);
C51 COMPILER V9.00   OSD_CONTRASTMENU                                                      06/07/2020 11:05:43 PAGE 3   

 112   2          }
 113   1              return 1;
 114   1      }
 115          
 116          
 117          BOOL ExectContrast(void)
 118          {
 119   1         UpdataPicPara(); 
 120   1         return 1;
 121   1      }
 122          
 123          
 124          /*****************************************************************
 125                                    Item value table
 126          *****************************************************************/
 127          DrawNumberType CODE Number_Contrast[]=
 128          {
 129              {0,13,RED,GRAY,RED,GRAY, GetContrastVal,osdDecNum|osdEnd},
 130          };
 131          
 132          DrawGuageType CODE Gugae_Contrast[]=
 133          {
 134              {1,1,CYAN,GRAY,CYAN,GRAY, MAX_VALUE,GetContrastVal,osdEnd},
 135          };
 136          
 137          ItemValueType CODE ContrastMenuItemVal_Contrast[]=
 138          {
 139               {
 140                        Number_Contrast,
 141                        Gugae_Contrast,
 142                        NULL,   
 143                        osdEnd,
 144               },
 145          };
 146          
 147          
 148          /*****************************************************************
 149                                    Item Icon table
 150          *****************************************************************/
 151          
 152          
 153          
 154          
 155          /*****************************************************************
 156                                   Item  Titel table
 157          *****************************************************************/
 158          TitelType CODE ContrastMenuItem_ContrastTitelTab[]=
 159          {
 160             {0,1,RED,GRAY,RED,GRAY,DWT_Text,ContrastMenu_TitelStr,osdEnd},
 161          };
 162          
 163          
 164          /*****************************************************************
 165                                    Menu Icon table
 166          *****************************************************************/
 167          
 168          
 169          
 170          /*****************************************************************
 171                                   Menu  Titel table
 172          *****************************************************************/

C51 COMPILER V9.00   OSD_CONTRASTMENU                                                      06/07/2020 11:05:43 PAGE 4   


MODULE INFORMATION:   STATIC OVERLAYABLE
   CODE SIZE        =    136    ----
   CONSTANT SIZE    =    258    ----
   XDATA SIZE       =   ----       3
   PDATA SIZE       =   ----    ----
   DATA SIZE        =   ----    ----
   IDATA SIZE       =   ----    ----
   BIT SIZE         =   ----    ----
END OF MODULE INFORMATION.


C51 COMPILATION COMPLETE.  0 WARNING(S),  0 ERROR(S)
