C51 COMPILER V9.51   OSD_BRIGHTNESSMENU                                                    09/08/2019 13:51:53 PAGE 1   


C51 COMPILER V9.51, COMPILATION OF MODULE OSD_BRIGHTNESSMENU
OBJECT MODULE PLACED IN ..\Hex\Osd_BrightnessMenu.obj
COMPILER INVOKED BY: E:\keil5\Keil\C51\BIN\C51.EXE ..\..\..\OSD\Osd_BrightnessMenu.c OPTIMIZE(8,SPEED) BROWSE INCDIR(..\
                    -..\..\OSD;..\..\..\OSD\Logo;../../../Inc;../../../UserConfig;../../../ARKLib;../../../UserConfig/Prj config;..\..\..\LCD
                    - Pannels;..\..\..\LCD Pannels\LCD parameter;..\..\..\GetUserInput;..\..\..\GetUserInput\Ir;..\..\..\GetUserInput\Key;..\
                    -..\..\GetUserInput\GPIO;..\..\..\Device driver\AMT;..\..\..\Device driver\ArkChip;..\..\..\Device driver\Mcu;..\..\..\De
                    -vice driver\Flash;..\..\..\Device driver\I2C;..\..\..\Device driver\E2prom;..\..\..\Device driver\WT5700;..\..\..\Device
                    - driver\Kt0803l;..\..\..\Device driver\BT;..\..\..\Debug) DEBUG OBJECTEXTEND PRINT(..\List\Osd_BrightnessMenu.lst) OBJEC
                    -T(..\Hex\Osd_BrightnessMenu.obj)

line level    source

   1          #define _OSD_BRIGHTNESS_MENU_C_
   2          
   3          
   4          
   5          #include "DataType.h"
   6          #include "SystemConfig.h"
   7          #include "Global.h"
*** WARNING C245 IN LINE 12 OF E:\keil5\Keil\C51\Inc\intrins.h: unknown #pragma, line ignored
*** ERROR C263 IN LINE 36 OF E:\keil5\Keil\C51\Inc\intrins.h: save/restore: stack overflow/underflow
   8          #include "MsgMap.h"
   9          #include "sysWorkPara.h"
  10          #include "sysPower.h" 
  11          #include "videoProc.h"
  12          #include "configLCDPara.h"
  13          #include "Debug.h"
  14          #include "Delay.h"
  15          #include "AMT_REG.H"
  16          #include "AMT_Drv.h"
  17          #include "AMT_MCU.h"
  18          #include "Osd_Menu.h"
  19          #include "Osd_MenuPage.h"
  20          
  21          
  22          
  23          /*****************************************************************
  24                                      Text
  25          *****************************************************************/
  26          UCHAR* CODE BrightnessMenuStr[]=
  27          {
  28              "BRIGHTNESS    ",  
  29              "LUMINOSIT\x072    ",
  30              "LUMINOSIT\x06B    ",
  31              "BRILHO        ",
  32              "HELLIGKEIT    ",
  33              "BRILHO        ",
  34              "HELDER        ",
  35              "\x01F\x024\x010\x0B7\x025\x0B8\x028       ",
  36              "#\x064#\x003               ",
  37              "#\x086#\x06F#\x070            ",
  38              "&\x09&\x07               ",//korea
  39              "\x01F\x025\x010\x024\x0B8\x027      ",
  40              "JASNO\x000\x001       ",
  41              "PARlAKlIK      "
  42          };
  43          
  44          
  45          
  46          
  47          /*****************************************************************
C51 COMPILER V9.51   OSD_BRIGHTNESSMENU                                                    09/08/2019 13:51:53 PAGE 2   

  48                                      String
  49          *****************************************************************/
  50          UCHAR * CODE BrightnessMenu_TitelStr(void)
  51          {   
  52   1          return BrightnessMenuStr[g_sysSetting.Osd.curlanguage];
  53   1      }
  54          
  55          
  56          
  57          /*****************************************************************
  58                                     Function
  59          *****************************************************************/
  60          AdjustType BrightnessMenu_CheckCondition (void)
  61          {
  62   1          AdjustType XDATA adjust = {0,0,0};
  63   1              if(g_ucOsdEixt & OsdMenu)
  64   1              {  
  65   2                 adjust.Flags |= osdVisible;
  66   2              }
  67   1              else
  68   1              {
  69   2                adjust.Flags |= osdInvisible;
  70   2              }
  71   1              g_ucOsdEixt &= ~OsdMenu;
  72   1              g_ucOsdEixt |= OsdSource;
  73   1              
  74   1              adjust.XPos= g_sysSetting.Osd.xOffset;
  75   1              adjust.YPos= g_sysSetting.Osd.yOffset;
  76   1              //printfStr("BrightnessMenu_CheckCondition");
  77   1              return adjust;
  78   1      }
  79          
  80          
  81          BOOL BrightnessMenuItem_DrawStyle(void)
  82          {
  83   1              //printfStr("BrightnessMenuItem_DrawStyle");
  84   1          OsdWndClear(0X00, 0X00, 0X01, 0X10);
  85   1              return 0;
  86   1      }
  87          
  88          
  89          SWORD GetBrightnessVal(void)
  90          {
  91   1           //printfStr("GetBrightnessVal");
  92   1           return g_sysSetting.Video.brigthness;
  93   1      }
  94          
  95          
  96          BOOL AdjustBrightness(UCHAR opratComd)
  97          {       
  98   1          if(opratComd == COMD_IncValue)
  99   1          {
 100   2                        if(g_sysSetting.Video.brigthness<MAX_VALUE)
 101   2                        {
 102   3                            g_sysSetting.Video.brigthness++;
 103   3                        } 
 104   2          }
 105   1              if(opratComd == COMD_DecValue)
 106   1              {
 107   2                        if(g_sysSetting.Video.brigthness>0)
 108   2                        {
 109   3                            g_sysSetting.Video.brigthness--;
C51 COMPILER V9.51   OSD_BRIGHTNESSMENU                                                    09/08/2019 13:51:53 PAGE 3   

 110   3                        } 
 111   2              }
 112   1              if(opratComd == COMD_Brightness)
 113   1          {     
 114   2                        g_sysSetting.Video.brigthness++;
 115   2                        if(g_sysSetting.Video.brigthness >MAX_VALUE)
 116   2                        {
 117   3                           g_sysSetting.Video.brigthness = 0;
 118   3                        }
 119   2                        //printf("brigthness Adjust Value = %d",g_sysSetting.Video.brigthness);
 120   2              }
 121   1              return 1;
 122   1      }
 123          
 124          
 125          BOOL ExectBrightness(void)
 126          {
 127   1         //printfStr("ExectBrightness");
 128   1         UpdataPicPara(); 
 129   1         return 1;
 130   1      }
 131          
 132          
 133          /*****************************************************************
 134                                    Item value table
 135          *****************************************************************/
 136          DrawNumberType CODE Number_Brightness[]=
 137          {
 138              {0,13,RED,GRAY,RED,GRAY, GetBrightnessVal,osdDecNum|osdEnd},
 139          };
 140          
 141          DrawGuageType CODE Gugae_Brightness[]=
 142          {
 143              {1,1,CYAN,GRAY,CYAN,GRAY, MAX_VALUE,GetBrightnessVal,osdEnd},
 144          };
 145          
 146          ItemValueType CODE BrightnessMenuItemVal_Brightness[]=
 147          {
 148               {
 149                        Number_Brightness,
 150                        Gugae_Brightness,
 151                        NULL,   
 152                        osdEnd,
 153               },
 154          };
 155          
 156          
 157          /*****************************************************************
 158                                    Item Icon table
 159          *****************************************************************/
 160          
 161          
 162          
 163          /*****************************************************************
 164                                   Item  Titel table
 165          *****************************************************************/
 166          TitelType CODE BrightnessMenuItem_BrightnessTitelTab[]=
 167          {
 168             {0,1,RED,GRAY,RED,GRAY,DWT_Text,BrightnessMenu_TitelStr,osdEnd},
 169          };
 170          
 171          
C51 COMPILER V9.51   OSD_BRIGHTNESSMENU                                                    09/08/2019 13:51:53 PAGE 4   

 172          /*****************************************************************
 173                                    Menu Icon table
 174          *****************************************************************/
 175          
 176          
 177          
 178          /*****************************************************************
 179                                   Menu  Titel table
 180          *****************************************************************/

C51 COMPILATION COMPLETE.  1 WARNING(S),  1 ERROR(S)
