C51 COMPILER V9.51   OSD_RESETMENU                                                         09/08/2019 13:51:55 PAGE 1   


C51 COMPILER V9.51, COMPILATION OF MODULE OSD_RESETMENU
OBJECT MODULE PLACED IN ..\Hex\Osd_ResetMenu.obj
COMPILER INVOKED BY: E:\keil5\Keil\C51\BIN\C51.EXE ..\..\..\OSD\Osd_ResetMenu.c OPTIMIZE(8,SPEED) BROWSE INCDIR(..\..\..
                    -\OSD;..\..\..\OSD\Logo;../../../Inc;../../../UserConfig;../../../ARKLib;../../../UserConfig/Prj config;..\..\..\LCD Pann
                    -els;..\..\..\LCD Pannels\LCD parameter;..\..\..\GetUserInput;..\..\..\GetUserInput\Ir;..\..\..\GetUserInput\Key;..\..\..
                    -\GetUserInput\GPIO;..\..\..\Device driver\AMT;..\..\..\Device driver\ArkChip;..\..\..\Device driver\Mcu;..\..\..\Device 
                    -driver\Flash;..\..\..\Device driver\I2C;..\..\..\Device driver\E2prom;..\..\..\Device driver\WT5700;..\..\..\Device driv
                    -er\Kt0803l;..\..\..\Device driver\BT;..\..\..\Debug) DEBUG OBJECTEXTEND PRINT(..\List\Osd_ResetMenu.lst) OBJECT(..\Hex\O
                    -sd_ResetMenu.obj)

line level    source

   1          #define _OSD_RESET_MENU_C_
   2          
   3          
   4          
   5          #include "DataType.h"
   6          #include "SystemConfig.h"
   7          #include "Global.h"
*** WARNING C245 IN LINE 12 OF E:\keil5\Keil\C51\Inc\intrins.h: unknown #pragma, line ignored
*** ERROR C263 IN LINE 36 OF E:\keil5\Keil\C51\Inc\intrins.h: save/restore: stack overflow/underflow
   8          #include "MsgMap.h"
   9          #include "sysWorkPara.h"
  10          #include "sysPower.h" 
  11          #include "videoProc.h"
  12          #include "configLCDPara.h"
  13          #include "Debug.h"
  14          #include "Delay.h"
  15          #include "AMT_REG.H"
  16          #include "AMT_Drv.h"
  17          #include "AMT_MCU.h"
  18          #include "Osd_Menu.h"
  19          #include "Osd_MenuPage.h"
  20          
  21          
  22          
  23          
  24          
  25          /*****************************************************************
  26                                      Text
  27          *****************************************************************/
  28          UCHAR* CODE ResetMenuStr[]=
  29          {
  30              "RESET",
  31              "RESET",
  32              "RESET",
  33              "RESET",
  34              "RESET",
  35              "RESET",
  36              "RESET",
  37              "\x025\x008\x024\x0B7\x025\x00E\x0B8\x028",
  38              " #\x01D#\x04D",
  39              "#\x081#\x082#\x076#\x06D",
  40              " &\x0B&\x08&\x0C        ",//korea
  41              "\x014\x025\x024\x015\x018\x009\x007\x013\x00C",
  42              "RESET",
  43              "RESET"
  44          };
  45          
  46          
  47          UCHAR* CODE ResetStr[]=
C51 COMPILER V9.51   OSD_RESETMENU                                                         09/08/2019 13:51:55 PAGE 2   

  48          {
  49            "\x029\x02B", 
  50          };
  51          
  52          
  53          /*****************************************************************
  54                                      String
  55          *****************************************************************/
  56          UCHAR * CODE ResetMenu_TitelStr(void)
  57          {
  58   1          return ResetMenuStr[g_sysSetting.Osd.curlanguage];
  59   1      }
  60          
  61          
  62          UCHAR * CODE DispResetStr(void)
  63          {
  64   1            return ResetStr[0];  
  65   1      }
  66          
  67          
  68          /*****************************************************************
  69                                     Function
  70          *****************************************************************/
  71          AdjustType ResetMenu_CheckCondition(void)
  72          {
  73   1          AdjustType XDATA adjust = {0,0,0};
  74   1              
  75   1          if(ON == g_sysSetting.Factory.resetswitch)
  76   1              {
  77   2                  adjust.Flags |= osdVisible; 
  78   2                      //printfStr("Reset Visibla");
  79   2              }
  80   1              else
  81   1              {
  82   2                  adjust.Flags |= osdInvisible; 
  83   2                      //printfStr("Reset Invisible");
  84   2              }
  85   1              //printfStr("ResetMenu_CheckCondition");
  86   1              return adjust;
  87   1      }
  88          
  89          
  90          
  91          BOOL ResetMenuItem_DrawStyle(void)
  92          {
  93   1          //printfStr("ResetMenuItem_DrawStyle");
  94   1              OsdWndClear(0X00, 0X00, 0X00, 0X11);
  95   1              OsdWndClear(0X01, 0X00, 0X01, 0X11);
  96   1          return 0;
  97   1      }
  98          
  99          
 100          
 101          BOOL ExectReset(void)
 102          {
 103   1         //printfStr("ExectReset");
 104   1         g_sysSetting.Video.brigthness = MAX_VALUE/2;
 105   1         g_sysSetting.Video.saturation= MAX_VALUE/2;
 106   1         g_sysSetting.Video.contrast= MAX_VALUE/2;
 107   1         g_sysSetting.Video.tint= MAX_VALUE/2;
 108   1         g_sysSetting.Audio.volVal = MAX_VALUE/2;
 109   1         g_sysSetting.Disp.zoomMode = DISP_16_9;
C51 COMPILER V9.51   OSD_RESETMENU                                                         09/08/2019 13:51:55 PAGE 3   

 110   1         g_sysSetting.IRAB.IRABVal = IROFF;
 111   1         ConfigDispZoomDynPara(g_sysSetting.Disp.zoomMode);  
 112   1         UpdataPicPara(); 
 113   1         return 1;
 114   1      }
 115          
 116          
 117          /*****************************************************************
 118                                    Item value table
 119          *****************************************************************/
 120          DrawOptionType CODE Option_Reset[]=
 121          {
 122              {1,8,RED,GRAY,RED,GRAY, NULL,DispResetStr,osdEnd},
 123          };
 124          
 125          
 126          ItemValueType CODE ResetMenuItemVal_Reset[]=
 127          {
 128               {
 129                        NULL,
 130                        NULL,
 131                        Option_Reset,   
 132                        osdEnd,
 133               },
 134          };
 135          
 136          
 137          /*****************************************************************
 138                                    Item Icon table
 139          *****************************************************************/
 140          
 141          
 142          /*****************************************************************
 143                                   Item  Titel table
 144          *****************************************************************/
 145          TitelType CODE ResetMenuItem_LanguageTitelTab[]=
 146          {
 147             {0,1,RED,GRAY,RED,GRAY,DWT_Text,ResetMenu_TitelStr,osdEnd},
 148          };
 149          
 150          /*****************************************************************
 151                                    Menu Icon table
 152          *****************************************************************/
 153          
 154          
 155          /*****************************************************************
 156                                   Menu  Titel table
 157          *****************************************************************/
 158          
 159          

C51 COMPILATION COMPLETE.  1 WARNING(S),  1 ERROR(S)
