C51 COMPILER V9.51   OSD_BTMENU                                                            09/08/2019 13:51:52 PAGE 1   


C51 COMPILER V9.51, COMPILATION OF MODULE OSD_BTMENU
OBJECT MODULE PLACED IN ..\Hex\Osd_BTMenu.obj
COMPILER INVOKED BY: E:\keil5\Keil\C51\BIN\C51.EXE ..\..\..\OSD\Osd_BTMenu.c OPTIMIZE(8,SPEED) BROWSE INCDIR(..\..\..\OS
                    -D;..\..\..\OSD\Logo;../../../Inc;../../../UserConfig;../../../ARKLib;../../../UserConfig/Prj config;..\..\..\LCD Pannels
                    -;..\..\..\LCD Pannels\LCD parameter;..\..\..\GetUserInput;..\..\..\GetUserInput\Ir;..\..\..\GetUserInput\Key;..\..\..\Ge
                    -tUserInput\GPIO;..\..\..\Device driver\AMT;..\..\..\Device driver\ArkChip;..\..\..\Device driver\Mcu;..\..\..\Device dri
                    -ver\Flash;..\..\..\Device driver\I2C;..\..\..\Device driver\E2prom;..\..\..\Device driver\WT5700;..\..\..\Device driver\
                    -Kt0803l;..\..\..\Device driver\BT;..\..\..\Debug) DEBUG OBJECTEXTEND PRINT(..\List\Osd_BTMenu.lst) OBJECT(..\Hex\Osd_BTM
                    -enu.obj)

line level    source

   1          #define _OSD_BT_MENU_C_
   2          
   3          
   4          
   5          #include "DataType.h"
   6          #include "SystemConfig.h"
   7          #include "Global.h"
*** WARNING C245 IN LINE 12 OF E:\keil5\Keil\C51\Inc\intrins.h: unknown #pragma, line ignored
*** ERROR C263 IN LINE 36 OF E:\keil5\Keil\C51\Inc\intrins.h: save/restore: stack overflow/underflow
   8          #include "MsgMap.h"
   9          #include "sysWorkPara.h"
  10          #include "sysPower.h" 
  11          #include "videoProc.h"
  12          #include "configLCDPara.h"
  13          #include "Debug.h"
  14          #include "Delay.h"
  15          #include "AMT_REG.H"
  16          #include "AMT_Drv.h"
  17          #include "AMT_MCU.h"
  18          #include "Osd_Menu.h"
  19          #include "Osd_MenuPage.h"
  20          
  21          
  22          
  23          
  24          #ifdef BTEn
              /*****************************************************************
                                          Text
              *****************************************************************/
              UCHAR* CODE BTMenuStr[]=
              {
                  "\x065", //Link
                  " ", //Release
              };
              
              
              
              /*****************************************************************
                                          String
              *****************************************************************/
              UCHAR * CODE BTMenu_TitelStr(void)
              {
                  return BTMenuStr[g_ucBTStatus];
              }
              
              
              
              /*****************************************************************
                                         Function
C51 COMPILER V9.51   OSD_BTMENU                                                            09/08/2019 13:51:52 PAGE 2   

              *****************************************************************/
              AdjustType BTMenu_CheckCondition (void)
              {
                      AdjustType XDATA adjust = {0,0,0};
                      adjust.Flags |= osdVisible;
                      
                      //printfStr("BTMenu_CheckCondition");
                      return adjust;
              }
              
              
              
              /*****************************************************************
                                        Item value table
              *****************************************************************/
              
              
              
              /*****************************************************************
                                        Item Icon table
              *****************************************************************/
              
              
              
              /*****************************************************************
                                       Item  Titel table
              *****************************************************************/
              TitelType CODE BTMenuItem_BTTitelTab[]=
              {
                 {0,0,GREEN,TRANSPARENCE,GREEN,TRANSPARENCE,DWT_Text,BTMenu_TitelStr,osdEnd},
              };
              
              
              
              /*****************************************************************
                                        Menu Icon table
              *****************************************************************/
              
              
              
              /*****************************************************************
                                       Menu  Titel table
              *****************************************************************/
              
              
              
              /*****************************************************************
                                         Item table
              *****************************************************************/
              #endif
  98          

C51 COMPILATION COMPLETE.  1 WARNING(S),  1 ERROR(S)
