C51 COMPILER V9.51   OSD_ROOTMENU                                                          09/08/2019 13:51:51 PAGE 1   


C51 COMPILER V9.51, COMPILATION OF MODULE OSD_ROOTMENU
OBJECT MODULE PLACED IN ..\Hex\Osd_RootMenu.obj
COMPILER INVOKED BY: E:\keil5\Keil\C51\BIN\C51.EXE ..\..\..\OSD\Osd_RootMenu.c OPTIMIZE(8,SPEED) BROWSE INCDIR(..\..\..\
                    -OSD;..\..\..\OSD\Logo;../../../Inc;../../../UserConfig;../../../ARKLib;../../../UserConfig/Prj config;..\..\..\LCD Panne
                    -ls;..\..\..\LCD Pannels\LCD parameter;..\..\..\GetUserInput;..\..\..\GetUserInput\Ir;..\..\..\GetUserInput\Key;..\..\..\
                    -GetUserInput\GPIO;..\..\..\Device driver\AMT;..\..\..\Device driver\ArkChip;..\..\..\Device driver\Mcu;..\..\..\Device d
                    -river\Flash;..\..\..\Device driver\I2C;..\..\..\Device driver\E2prom;..\..\..\Device driver\WT5700;..\..\..\Device drive
                    -r\Kt0803l;..\..\..\Device driver\BT;..\..\..\Debug) DEBUG OBJECTEXTEND PRINT(..\List\Osd_RootMenu.lst) OBJECT(..\Hex\Osd
                    -_RootMenu.obj)

line level    source

   1          #define _OSD_ROOT_MENU_C_
   2          
   3          
   4          
   5          #include "DataType.h"
   6          #include "SystemConfig.h"
   7          #include "Global.h"
*** WARNING C245 IN LINE 12 OF E:\keil5\Keil\C51\Inc\intrins.h: unknown #pragma, line ignored
*** ERROR C263 IN LINE 36 OF E:\keil5\Keil\C51\Inc\intrins.h: save/restore: stack overflow/underflow
   8          #include "MsgMap.h"
   9          #include "sysWorkPara.h"
  10          #include "sysPower.h" 
  11          #include "videoProc.h"
  12          #include "configLCDPara.h"
  13          #include "Debug.h"
  14          #include "Delay.h"
  15          #include "AMT_REG.H"
  16          #include "AMT_Drv.h"
  17          #include "AMT_MCU.h"
  18          #include "Osd_Menu.h"
  19          #include "Osd_MenuPage.h"
  20          
  21          
  22          
  23          /*****************************************************************
  24                                     comd map
  25          *****************************************************************/
  26          
  27          /*****************************************************************
  28                                      Text
  29          *****************************************************************/
  30          
  31          
  32          
  33          /*****************************************************************
  34                                      String
  35          *****************************************************************/
  36          
  37          
  38          /*****************************************************************
  39                                     Function
  40          *****************************************************************/
  41          
  42          /*****************************************************************
  43                                    Item value table
  44          *****************************************************************/
  45          
  46          
  47          
C51 COMPILER V9.51   OSD_ROOTMENU                                                          09/08/2019 13:51:51 PAGE 2   

  48          /*****************************************************************
  49                                    Item Icon table
  50          *****************************************************************/
  51          
  52          
  53          /*****************************************************************
  54                                   Item  Titel table
  55          *****************************************************************/
  56          
  57          
  58          
  59          /*****************************************************************
  60                                    Menu Icon table
  61          *****************************************************************/
  62          
  63          
  64          
  65          /*****************************************************************
  66                                   Menu  Titel table
  67          *****************************************************************/
  68          
  69          
  70          
  71          /*****************************************************************
  72                                     Item table
  73          *****************************************************************/
  74          
  75          

C51 COMPILATION COMPLETE.  1 WARNING(S),  1 ERROR(S)
