C51 COMPILER V9.00   OSD_SYSMENU                                                           06/07/2020 11:05:44 PAGE 1   


C51 COMPILER V9.00, COMPILATION OF MODULE OSD_SYSMENU
OBJECT MODULE PLACED IN ..\Hex\Osd_SysMenu.obj
COMPILER INVOKED BY: D:\Keil4_ForAMT630A\C51\BIN\C51.EXE ..\..\..\OSD\Osd_SysMenu.c BROWSE INCDIR(..\..\..\OSD;..\..\..\
                    -OSD\Logo;../../../Inc;../../../UserConfig;../../../ARKLib;../../../UserConfig/Prj config;..\..\..\LCD Pannels;..\..\..\L
                    -CD Pannels\LCD parameter;..\..\..\GetUserInput;..\..\..\GetUserInput\Ir;..\..\..\GetUserInput\Key;..\..\..\GetUserInput\
                    -GPIO;..\..\..\Device driver\AMT;..\..\..\Device driver\ArkChip;..\..\..\Device driver\Mcu;..\..\..\Device driver\Flash;.
                    -.\..\..\Device driver\I2C;..\..\..\Device driver\E2prom;..\..\..\Device driver\WT5700;..\..\..\Device driver\Kt0803l;..\
                    -..\..\Device driver\BT;..\..\..\Debug) DEBUG OBJECTEXTEND PRINT(..\List\Osd_SysMenu.lst) OBJECT(..\Hex\Osd_SysMenu.obj)

line level    source

   1          #define _OSD_SYS_MENU_C_
   2          
   3          
   4          
   5          #include "DataType.h"
   6          #include "SystemConfig.h"
   7          #include "Global.h"
   8          #include "MsgMap.h"
   9          #include "sysWorkPara.h"
  10          #include "sysPower.h" 
  11          #include "videoProc.h"
  12          #include "configLCDPara.h"
  13          #include "Debug.h"
  14          #include "Delay.h"
  15          #include "AMT_REG.H"
  16          #include "AMT_Drv.h"
  17          #include "AMT_MCU.h"
  18          #include "Osd_Menu.h"
  19          #include "Osd_MenuPage.h"
  20          
  21          
  22          SWORD GetSysVal(void);
  23          
  24          
  25          
  26          /*****************************************************************
  27                                      Text
  28          *****************************************************************/
  29          UCHAR* CODE SysMenuStr[]=
  30          {
  31              "ROTATE",
  32              "ROTATE",
  33              "ROTATE",
  34              "ROTATE",
  35              "ROTATE",
  36              "ROTATE",
  37              "ROTATE",
  38              "\x0B7\x008\x0B7\x024\x0B7\x0B8",
  39              "#\x037#\x038",
  40              "&\x001&\x002",
  41              "ROTATE",
  42               "ROTATE",
  43              "ROTATE",
  44              "ROTATE",
  45          };
  46          
  47          
  48          UCHAR* CODE  SysStr[]=
  49          {
  50                  "*DL  DR  UL  UR", 
C51 COMPILER V9.00   OSD_SYSMENU                                                           06/07/2020 11:05:44 PAGE 2   

  51                  " DL *DR  UL  UR", 
  52                  " DL  DR *UL  UR", 
  53                  " DL  DR  UL *UR"
  54          };
  55          
  56          
  57          /*****************************************************************
  58                                      String
  59          *****************************************************************/
  60          UCHAR * SysMenu_TitelStr(void)
  61          {
  62   1          return SysMenuStr[g_sysSetting.Osd.curlanguage];
  63   1      }
  64          
  65          
  66          
  67          UCHAR * CODE DispSysStr(void)
  68          {
  69   1            return SysStr[GetSysVal()];  
  70   1      }
  71          
  72          
  73          
  74          /*****************************************************************
  75                                     Function
  76          *****************************************************************/
  77          AdjustType SysMenu_CheckCondition(void)
  78          {
  79   1          AdjustType XDATA adjust = {0,0,0};
  80   1          if(ON == g_sysSetting.Factory.flipswitch)
  81   1              {
  82   2                      adjust.Flags |= osdVisible;
  83   2                 //printfStr("Sys Visibla");
  84   2              }
  85   1              else
  86   1              {
  87   2                  adjust.Flags |= osdInvisible; 
  88   2                      //printfStr("Sys Invisible");
  89   2              }
  90   1              adjust.XPos= g_sysSetting.Osd.xOffset;
  91   1              adjust.YPos= g_sysSetting.Osd.yOffset;
  92   1              //printfStr("SysMenu_CheckCondition");
  93   1              return adjust;
  94   1      }
  95          
  96          
  97          BOOL SysMenuItem_DrawStyle(void)
  98          {
  99   1          //printfStr("SysMenuItem_DrawStyle");
 100   1              OsdWndClear(0X00, 0X00, 0X00, 0X11);
 101   1              OsdWndClear(0X01, 0X00, 0X01, 0X11);
 102   1          return 0;
 103   1      }
 104          
 105          
 106          SWORD GetSysVal(void)
 107          {
 108   1           //printf("GetModeVal= %x",g_sysSetting.Disp.flipMode);
 109   1               return g_sysSetting.Disp.flipMode;
 110   1      }
 111          
 112          
C51 COMPILER V9.00   OSD_SYSMENU                                                           06/07/2020 11:05:44 PAGE 3   

 113          BOOL AdjustSys(UCHAR opratComd)
 114          {
 115   1          if((opratComd == COMD_IncValue) ||(opratComd == COMD_DecValue)||(opratComd == COMD_SelSys)) 
 116   1          {     
 117   2             switch(g_sysSetting.Disp.flipMode)
 118   2             {
 119   3               case FilpLeft:
 120   3                                g_sysSetting.Disp.flipMode = FilpRight;
 121   3                                break;
 122   3                                
 123   3                       case FilpRight:
 124   3                               g_sysSetting.Disp.flipMode = FilpUp;
 125   3                                break;
 126   3                                
 127   3                       case FilpUp:
 128   3                                g_sysSetting.Disp.flipMode = FilpDown;
 129   3                                break;
 130   3                                
 131   3                       case FilpDown:
 132   3                                g_sysSetting.Disp.flipMode = FilpLeft;
 133   3                                break;
 134   3                                
 135   3                      default:
 136   3                                g_sysSetting.Disp.flipMode = FilpLeft;
 137   3                                break;
 138   3             }
 139   2                 //printf("AdjustSys Value = %d",g_sysSetting.Disp.flipMode);
 140   2          }
 141   1              return 1;
 142   1      }
 143          
 144          
 145          BOOL ExectSys(void)
 146          {
 147   1         ConfigPannelSfrDisp();
 148   1         return 1;
 149   1      }
 150          
 151          
 152          /*****************************************************************
 153                                    Item value table
 154          *****************************************************************/
 155          DrawOptionType CODE Option_Sys[]=
 156          {
 157              {1,2,RED,TRANSPARENCE,RED,TRANSPARENCE, GetSysVal,DispSysStr,osdEnd},
 158          };
 159          
 160          
 161          ItemValueType CODE SysMenuItemVal_Sys[]=
 162          {
 163               {
 164                        NULL,
 165                        NULL,
 166                        Option_Sys,   
 167                        osdEnd,
 168               },
 169          };
 170          
 171          
 172          
 173          /*****************************************************************
 174                                    Item Icon table
C51 COMPILER V9.00   OSD_SYSMENU                                                           06/07/2020 11:05:44 PAGE 4   

 175          *****************************************************************/
 176          
 177          
 178          
 179          /*****************************************************************
 180                                   Item  Titel table
 181          *****************************************************************/
 182          TitelType CODE SysMenuItem_SysTitelTab[]=
 183          {
 184             {0,6,RED,TRANSPARENCE,RED,TRANSPARENCE,DWT_Text,SysMenu_TitelStr,osdEnd},
 185          };
 186          
 187          
 188          /*****************************************************************
 189                                    Menu Icon table
 190          *****************************************************************/
 191          
 192          
 193          
 194          /*****************************************************************
 195                                   Menu  Titel table
 196          *****************************************************************/
 197          


MODULE INFORMATION:   STATIC OVERLAYABLE
   CODE SIZE        =    223    ----
   CONSTANT SIZE    =    182    ----
   XDATA SIZE       =   ----       3
   PDATA SIZE       =   ----    ----
   DATA SIZE        =   ----    ----
   IDATA SIZE       =   ----    ----
   BIT SIZE         =   ----    ----
END OF MODULE INFORMATION.


C51 COMPILATION COMPLETE.  0 WARNING(S),  0 ERROR(S)
