C51 COMPILER V9.00   OSD_QUICKLYSOURCEMENU                                                 06/07/2020 11:05:42 PAGE 1   


C51 COMPILER V9.00, COMPILATION OF MODULE OSD_QUICKLYSOURCEMENU
OBJECT MODULE PLACED IN ..\Hex\Osd_QuicklySourceMenu.obj
COMPILER INVOKED BY: D:\Keil4_ForAMT630A\C51\BIN\C51.EXE ..\..\..\OSD\Osd_QuicklySourceMenu.c BROWSE INCDIR(..\..\..\OSD
                    -;..\..\..\OSD\Logo;../../../Inc;../../../UserConfig;../../../ARKLib;../../../UserConfig/Prj config;..\..\..\LCD Pannels;
                    -..\..\..\LCD Pannels\LCD parameter;..\..\..\GetUserInput;..\..\..\GetUserInput\Ir;..\..\..\GetUserInput\Key;..\..\..\Get
                    -UserInput\GPIO;..\..\..\Device driver\AMT;..\..\..\Device driver\ArkChip;..\..\..\Device driver\Mcu;..\..\..\Device driv
                    -er\Flash;..\..\..\Device driver\I2C;..\..\..\Device driver\E2prom;..\..\..\Device driver\WT5700;..\..\..\Device driver\K
                    -t0803l;..\..\..\Device driver\BT;..\..\..\Debug) DEBUG OBJECTEXTEND PRINT(..\List\Osd_QuicklySourceMenu.lst) OBJECT(..\H
                    -ex\Osd_QuicklySourceMenu.obj)

line level    source

   1          #define _OSD_QUICKLY_SOURCE_MENU_C_
   2          
   3          
   4          
   5          #include "DataType.h"
   6          #include "SystemConfig.h"
   7          #include "Global.h"
   8          #include "MsgMap.h"
   9          #include "sysWorkPara.h"
  10          #include "sysPower.h" 
  11          #include "videoProc.h"
  12          #include "configLCDPara.h"
  13          #include "Debug.h"
  14          #include "Delay.h"
  15          #include "AMT_REG.H"
  16          #include "AMT_Drv.h"
  17          #include "AMT_MCU.h"
  18          #include "Osd_Menu.h"
  19          #include "Osd_MenuPage.h"
  20          #include "ir.h"
  21          
  22          
  23          SWORD GetQuicklyInputSource(void);
  24          
  25          
  26          /*****************************************************************
  27                                      Text
  28          *****************************************************************/
  29          
  30          
  31          UCHAR* CODE  QuicklySourceStr[]=
  32          {
  33            "AV1","AV2", "AV3"
  34          };
  35          
  36          
  37          /*****************************************************************
  38                                      String
  39          *****************************************************************/
  40          
  41          UCHAR * CODE DispQuicklySourceStr(void)
  42          {
  43   1            return QuicklySourceStr[GetQuicklyInputSource()];
  44   1      }
  45          
  46          
  47          /*****************************************************************
  48                                     Function
  49          *****************************************************************/
C51 COMPILER V9.00   OSD_QUICKLYSOURCEMENU                                                 06/07/2020 11:05:42 PAGE 2   

  50          AdjustType QuicklySourceMenu_CheckCondition (void)
  51          {
  52   1              AdjustType XDATA adjust = {0,0,0};
  53   1              
  54   1              if(g_ucOsdEixt & OsdSource)
  55   1              {  
  56   2                 adjust.Flags |= osdVisible;
  57   2              }
  58   1              else
  59   1              {
  60   2                adjust.Flags |= osdInvisible;
  61   2              }
  62   1          g_ucOsdEixt &= ~OsdSource;
  63   1              g_ucOsdEixt |= OsdMenu|OsdBrightness|OsdContrast|OsdSaturation|OsdVolume|OsdMode|OsdSys;
  64   1      
  65   1              if(g_sysSetting.Disp.zoomMode == DISP_4_3)
  66   1              {
  67   2                 adjust.XPos -= SOURCE_43_START_X_SHIFT;
  68   2              }
  69   1              else
  70   1              {
  71   2                 adjust.XPos -= 0X00;
  72   2              }
  73   1              //printfStr("QuicklySourceMenu_CheckCondition");
  74   1              return adjust;
  75   1      }
  76          
  77          
  78          SWORD GetQuicklyInputSource(void)
  79          {        
  80   1           switch(g_sysSetting.Video.curSource)
  81   1           {
  82   2                       case INPUT_AV1:
  83   2                                return 0;
  84   2                                
  85   2                       case INPUT_AV2:
  86   2                       case INPUT_CAMERA_Car:
  87   2                                return 1;
  88   2                                
  89   2                       default:
  90   2                                return 0;
  91   2           }
  92   1      }
  93          
  94          BOOL AdjustQuicklySource(UCHAR opratComd)
  95          {
  96   1           opratComd = opratComd;
  97   1      
  98   1               if(!IsCarReversingEn())
  99   1               {
 100   2              g_sysSetting.Video.curSource = SelNextVideoSource(g_sysSetting.Car.RemberSource);
 101   2                  g_sysSetting.Car.RemberSource = g_sysSetting.Video.curSource; //记忆倒车通道 
 102   2               }
 103   1               return 1;
 104   1      }
 105          
 106          BOOL ExectQuicklySource(void)
 107          { 
 108   1              if(!IsCarReversingEn())
 109   1              {
 110   2                      #ifdef AudioCtrlEn
                              SetAudioMute(); 
C51 COMPILER V9.00   OSD_QUICKLYSOURCEMENU                                                 06/07/2020 11:05:42 PAGE 3   

                              SelAudioInputSource(g_sysSetting.Video.curSource);
                          #endif
 114   2                      
 115   2                      TurnOffBackLight();
 116   2                      ExitLowPowerMode();
 117   2                      HideMenu();
 118   2                  SelVideoInputSource(g_sysSetting.Video.curSource);
 119   2              DelayMs(200);
 120   2                      
 121   2                      #ifdef NoSignalBLOffEn 
 122   2                      if(IsSignalOk())
 123   2                      {  
 124   3                    TurnOnBackLight();
 125   3                      }
 126   2                      #else
                          TurnOnBackLight();
                              #endif
 129   2              }
 130   1              else
 131   1              {
 132   2                  if(!IsCarRemCameraSource())
 133   2                  {                           
 134   3                              #ifdef AudioCtrlEn
                                      SetAudioMute(); 
                                      SelAudioInputSource(g_sysSetting.Video.curSource);
                                  #endif
 138   3                       
 139   3                              TurnOffBackLight();
 140   3                              
 141   3                  #ifdef NoSignalBLOffEn
 142   3                              
 143   3                              ExitLowPowerMode();
 144   3                              #else
                                      if(IsPowerOff())
                                      {
                                         ExitLowPowerMode();
                                      }
                                      #endif
 150   3                              
 151   3                              HideMenu();
 152   3                          SelVideoInputSource(g_sysSetting.Video.curSource);
 153   3                  DelayMs(200);
 154   3                              
 155   3                              #ifdef NoSignalBLOffEn 
 156   3                              if(IsSignalOk())
 157   3                              { 
 158   4                        TurnOnBackLight();
 159   4                              }
 160   3                              #else
                                      #ifdef LogoEn
                                      #if ((LOGO_DISP_MODE == NOSIGNAL_DISP_LOGO)||(POWER_ON_NOSIGNAL_DISP_LOGO ==LOGO_DISP_MODE))
                                      if(IsSignalOk())
                                      {
                                              TurnOnBackLight();              
                                      }
                                      #else
                                      TurnOnBackLight();
                                      #endif
                                      #else
                              TurnOnBackLight();
                                      #endif
                                      #endif
C51 COMPILER V9.00   OSD_QUICKLYSOURCEMENU                                                 06/07/2020 11:05:42 PAGE 4   

 174   3                  }
 175   2                      else
 176   2                      {                               
 177   3                          if(IsPowerOff())
 178   3                          {
 179   4                                 ExitLowPowerMode();
 180   4                                 DelayMs(400);
 181   4                     #ifdef NoSignalBLOffEn 
 182   4                                 if(IsSignalOk())
 183   4                                 {  
 184   5                           TurnOnBackLight();
 185   5                                 }
 186   4                                 #else
                                 TurnOnBackLight();
                                         #endif
 189   4                          }
 190   3                              else
 191   3                              {                               
 192   4                                  #ifdef NoSignalBLOffEn
 193   4                                      
 194   4                                      TurnOffBackLight();
 195   4                                  ExitLowPowerMode();
 196   4                                      DelayMs(200);
 197   4                                      if(IsSignalOk())
 198   4                                  {  
 199   5                            TurnOnBackLight();
 200   5                                  }
 201   4                                      else
 202   4                                      {                                  
 203   5                                     EnterLowPowerMode();
 204   5                                      }
 205   4                                      #else
                                      
                              TurnOffBackLight();
                              ExitLowPowerMode();
                              HideMenu();
                              SelVideoInputSource(g_sysSetting.Video.curSource);                              
                                              DelayMs(200);
                                              TurnOnBackLight();
                                              #endif
 214   4                              }
 215   3                      }
 216   2              }
 217   1              g_ucRemoteKeyVal = IR_NULL_KEY;
 218   1              return 1;
 219   1      }
 220          
 221          /*****************************************************************
 222                                    Item value table
 223          *****************************************************************/
 224          DrawOptionType CODE Option_QuicklySource[]=
 225          {
 226              {0,0,GREEN,TRANSPARENCE,GREEN,TRANSPARENCE, GetQuicklyInputSource,DispQuicklySourceStr,osdEnd},
 227          };
 228          
 229          ItemValueType CODE QuicklySourceMenuItemVal_QuicklySource[]=
 230          {
 231               {
 232                        NULL,
 233                        NULL,
 234                        Option_QuicklySource,   
 235                        osdEnd,
C51 COMPILER V9.00   OSD_QUICKLYSOURCEMENU                                                 06/07/2020 11:05:42 PAGE 5   

 236               },
 237          };
 238          
 239          /*****************************************************************
 240                                    Item Icon table
 241          *****************************************************************/
 242          
 243          
 244          /*****************************************************************
 245                                   Item  Titel table
 246          *****************************************************************/
 247          
 248          
 249          /*****************************************************************
 250                                    Menu Icon table
 251          *****************************************************************/
 252          
 253          
 254          /*****************************************************************
 255                                   Menu  Titel table
 256          *****************************************************************/
 257          
 258          


MODULE INFORMATION:   STATIC OVERLAYABLE
   CODE SIZE        =    306    ----
   CONSTANT SIZE    =     49    ----
   XDATA SIZE       =   ----       3
   PDATA SIZE       =   ----    ----
   DATA SIZE        =   ----    ----
   IDATA SIZE       =   ----    ----
   BIT SIZE         =   ----    ----
END OF MODULE INFORMATION.


C51 COMPILATION COMPLETE.  0 WARNING(S),  0 ERROR(S)
